<?xml version="1.0" encoding="UTF-8"?>
<!-- Generated by org.testng.reporters.JUnitXMLReporter -->
<testsuite hostname="BlueSapphire" name="Test" tests="1" failures="1" timestamp="13 May 2019 04:31:56 GMT" time="18.757" errors="0">
  <testcase name="feature" time="17.463" classname="com.testautomation.TestRunner.TestRunner">
    <failure type="cucumber.runtime.CucumberException" message="java.lang.NullPointerException">
      <![CDATA[cucumber.runtime.CucumberException: java.lang.NullPointerException
	at cucumber.api.testng.TestNGCucumberRunner.runCucumber(TestNGCucumberRunner.java:69)
	at com.testautomation.TestRunner.TestRunner.feature(TestRunner.java:33)
Caused by: java.lang.NullPointerException
	at org.openqa.selenium.support.pagefactory.DefaultElementLocator.findElement(DefaultElementLocator.java:69)
	at org.openqa.selenium.support.pagefactory.internal.LocatingElementHandler.invoke(LocatingElementHandler.java:38)
	at com.sun.proxy.$Proxy17.click(Unknown Source)
	at com.testautomation.PageObjects.StoreSearchPage.navigateToLogin(StoreSearchPage.java:31)
	at com.testautomation.StepDef.StoreRegistrationStepDef.user_Navigates_to_LogIn_Page(StoreRegistrationStepDef.java:39)
	at âœ½.And User Navigates to LogIn Page(StoreRegistration.feature:49)
... Removed 24 stack frames]]>
    </failure>
  </testcase> <!-- feature -->
</testsuite> <!-- Test -->
